C:\Users\faye\Desktop\A1\Debug\cl.command.1.tlog
C:\Users\faye\Desktop\A1\Debug\CL.read.1.tlog
C:\Users\faye\Desktop\A1\Debug\CL.write.1.tlog
C:\Users\faye\Desktop\A1\Debug\code.exe.embed.manifest
C:\USERS\FAYE\DESKTOP\A1\DEBUG\CODE.EXE.EMBED.MANIFEST.RES
C:\Users\faye\Desktop\A1\Debug\code.ilk
C:\Users\faye\Desktop\A1\Debug\code_manifest.rc
C:\USERS\FAYE\DESKTOP\A1\DEBUG\FRAMEBUFFER.OBJ
C:\USERS\FAYE\DESKTOP\A1\DEBUG\GUI.OBJ
C:\Users\faye\Desktop\A1\Debug\link.1764.read.1.tlog
C:\Users\faye\Desktop\A1\Debug\link.1764.write.1.tlog
C:\Users\faye\Desktop\A1\Debug\link.1844.read.1.tlog
C:\Users\faye\Desktop\A1\Debug\link.1844.write.1.tlog
C:\Users\faye\Desktop\A1\Debug\link.1980.read.1.tlog
C:\Users\faye\Desktop\A1\Debug\link.1980.write.1.tlog
C:\Users\faye\Desktop\A1\Debug\link.2264.read.1.tlog
C:\Users\faye\Desktop\A1\Debug\link.2264.write.1.tlog
C:\Users\faye\Desktop\A1\Debug\link.command.1.tlog
C:\Users\faye\Desktop\A1\Debug\link.read.1.tlog
C:\Users\faye\Desktop\A1\Debug\link.write.1.tlog
C:\USERS\FAYE\DESKTOP\A1\DEBUG\M33.OBJ
C:\Users\faye\Desktop\A1\Debug\rc.command.1.tlog
C:\Users\faye\Desktop\A1\Debug\rc.read.1.tlog
C:\Users\faye\Desktop\A1\Debug\rc.write.1.tlog
C:\USERS\FAYE\DESKTOP\A1\DEBUG\SCENE.OBJ
C:\USERS\FAYE\DESKTOP\A1\DEBUG\V3.OBJ
C:\Users\faye\Desktop\A1\Debug\vc100.idb
C:\USERS\FAYE\DESKTOP\A1\DEBUG\VC100.PDB
