生成启动时间为 10/24/2015 5:52:53 PM。
项目“C:\Users\faye\Desktop\A3\code.vcxproj”在节点 2 上(build 个目标)。
InitializeBuildStatus:
  正在创建“Release\code.unsuccessfulbuild”，因为已指定“AlwaysCreate”。
ClCompile:
  c:\Program Files\Microsoft Visual Studio 10.0\VC\bin\CL.exe /c /Zi /nologo /W3 /WX- /O2 /Oi /Oy- /GL /D WIN32 /D NDEBUG /D _CONSOLE /D _UNICODE /D UNICODE /Gm- /EHsc /MD /GS /Gy /fp:precise /Zc:wchar_t /Zc:forScope /Fo"Release\\" /Fd"Release\vc100.pdb" /Gd /TP /analyze- /errorReport:prompt scene.cpp
  scene.cpp
Link:
  c:\Program Files\Microsoft Visual Studio 10.0\VC\bin\link.exe /ERRORREPORT:PROMPT /OUT:"C:\Users\faye\Desktop\A3\Release\code.exe" /INCREMENTAL:NO /NOLOGO cg.lib cgGL.lib libtiff.lib fltk.lib fltkgl.lib opengl32.lib glu32.lib wsock32.lib comctl32.lib kernel32.lib user32.lib gdi32.lib winspool.lib comdlg32.lib advapi32.lib shell32.lib ole32.lib oleaut32.lib uuid.lib odbc32.lib odbccp32.lib /MANIFEST /ManifestFile:"Release\code.exe.intermediate.manifest" /MANIFESTUAC:"level='asInvoker' uiAccess='false'" /DEBUG /PDB:"C:\Users\faye\Desktop\A3\Release\code.pdb" /SUBSYSTEM:CONSOLE /OPT:REF /OPT:ICF /LTCG /TLBID:1 /DYNAMICBASE /NXCOMPAT /IMPLIB:"C:\Users\faye\Desktop\A3\Release\code.lib" /MACHINE:X86 Release\aabb.obj
  Release\framebuffer.obj
  Release\gui.obj
  Release\m33.obj
  Release\ppc.obj
  Release\scene.obj
  Release\TMesh.obj
  Release\v3.obj
  正在生成代码
  已完成代码的生成
fltk.lib(case.obj) : warning LNK4204: “C:\Users\faye\Desktop\A3\Release\vc100.pdb”缺少引用模块的调试信息；正在链接对象，如同没有调试信息一样
fltk.lib(filename_list.obj) : warning LNK4204: “C:\Users\faye\Desktop\A3\Release\vc100.pdb”缺少引用模块的调试信息；正在链接对象，如同没有调试信息一样
fltk.lib(filename_match.obj) : warning LNK4204: “C:\Users\faye\Desktop\A3\Release\vc100.pdb”缺少引用模块的调试信息；正在链接对象，如同没有调试信息一样
fltk.lib(Fl.obj) : warning LNK4204: “C:\Users\faye\Desktop\A3\Release\vc100.pdb”缺少引用模块的调试信息；正在链接对象，如同没有调试信息一样
fltk.lib(Fl_abort.obj) : warning LNK4204: “C:\Users\faye\Desktop\A3\Release\vc100.pdb”缺少引用模块的调试信息；正在链接对象，如同没有调试信息一样
fltk.lib(fl_arc.obj) : warning LNK4204: “C:\Users\faye\Desktop\A3\Release\vc100.pdb”缺少引用模块的调试信息；正在链接对象，如同没有调试信息一样
fltk.lib(fl_arci.obj) : warning LNK4204: “C:\Users\faye\Desktop\A3\Release\vc100.pdb”缺少引用模块的调试信息；正在链接对象，如同没有调试信息一样
fltk.lib(fl_ask.obj) : warning LNK4204: “C:\Users\faye\Desktop\A3\Release\vc100.pdb”缺少引用模块的调试信息；正在链接对象，如同没有调试信息一样
fltk.lib(Fl_Bitmap.obj) : warning LNK4204: “C:\Users\faye\Desktop\A3\Release\vc100.pdb”缺少引用模块的调试信息；正在链接对象，如同没有调试信息一样
fltk.lib(Fl_Box.obj) : warning LNK4204: “C:\Users\faye\Desktop\A3\Release\vc100.pdb”缺少引用模块的调试信息；正在链接对象，如同没有调试信息一样
fltk.lib(fl_boxtype.obj) : warning LNK4204: “C:\Users\faye\Desktop\A3\Release\vc100.pdb”缺少引用模块的调试信息；正在链接对象，如同没有调试信息一样
fltk.lib(Fl_Button.obj) : warning LNK4204: “C:\Users\faye\Desktop\A3\Release\vc100.pdb”缺少引用模块的调试信息；正在链接对象，如同没有调试信息一样
fltk.lib(fl_color.obj) : warning LNK4204: “C:\Users\faye\Desktop\A3\Release\vc100.pdb”缺少引用模块的调试信息；正在链接对象，如同没有调试信息一样
fltk.lib(Fl_compose.obj) : warning LNK4204: “C:\Users\faye\Desktop\A3\Release\vc100.pdb”缺少引用模块的调试信息；正在链接对象，如同没有调试信息一样
fltk.lib(fl_cursor.obj) : warning LNK4204: “C:\Users\faye\Desktop\A3\Release\vc100.pdb”缺少引用模块的调试信息；正在链接对象，如同没有调试信息一样
fltk.lib(fl_curve.obj) : warning LNK4204: “C:\Users\faye\Desktop\A3\Release\vc100.pdb”缺少引用模块的调试信息；正在链接对象，如同没有调试信息一样
fltk.lib(Fl_Device.obj) : warning LNK4204: “C:\Users\faye\Desktop\A3\Release\vc100.pdb”缺少引用模块的调试信息；正在链接对象，如同没有调试信息一样
fltk.lib(fl_dnd.obj) : warning LNK4204: “C:\Users\faye\Desktop\A3\Release\vc100.pdb”缺少引用模块的调试信息；正在链接对象，如同没有调试信息一样
fltk.lib(Fl_Double_Window.obj) : warning LNK4204: “C:\Users\faye\Desktop\A3\Release\vc100.pdb”缺少引用模块的调试信息；正在链接对象，如同没有调试信息一样
fltk.lib(fl_draw.obj) : warning LNK4204: “C:\Users\faye\Desktop\A3\Release\vc100.pdb”缺少引用模块的调试信息；正在链接对象，如同没有调试信息一样
fltk.lib(fl_draw_image.obj) : warning LNK4204: “C:\Users\faye\Desktop\A3\Release\vc100.pdb”缺少引用模块的调试信息；正在链接对象，如同没有调试信息一样
fltk.lib(fl_draw_pixmap.obj) : warning LNK4204: “C:\Users\faye\Desktop\A3\Release\vc100.pdb”缺少引用模块的调试信息；正在链接对象，如同没有调试信息一样
fltk.lib(fl_font.obj) : warning LNK4204: “C:\Users\faye\Desktop\A3\Release\vc100.pdb”缺少引用模块的调试信息；正在链接对象，如同没有调试信息一样
fltk.lib(Fl_get_system_colors.obj) : warning LNK4204: “C:\Users\faye\Desktop\A3\Release\vc100.pdb”缺少引用模块的调试信息；正在链接对象，如同没有调试信息一样
fltk.lib(Fl_grab.obj) : warning LNK4204: “C:\Users\faye\Desktop\A3\Release\vc100.pdb”缺少引用模块的调试信息；正在链接对象，如同没有调试信息一样
fltk.lib(Fl_Group.obj) : warning LNK4204: “C:\Users\faye\Desktop\A3\Release\vc100.pdb”缺少引用模块的调试信息；正在链接对象，如同没有调试信息一样
fltk.lib(fl_gtk.obj) : warning LNK4204: “C:\Users\faye\Desktop\A3\Release\vc100.pdb”缺少引用模块的调试信息；正在链接对象，如同没有调试信息一样
fltk.lib(Fl_Image.obj) : warning LNK4204: “C:\Users\faye\Desktop\A3\Release\vc100.pdb”缺少引用模块的调试信息；正在链接对象，如同没有调试信息一样
fltk.lib(Fl_Input.obj) : warning LNK4204: “C:\Users\faye\Desktop\A3\Release\vc100.pdb”缺少引用模块的调试信息；正在链接对象，如同没有调试信息一样
fltk.lib(Fl_Input_.obj) : warning LNK4204: “C:\Users\faye\Desktop\A3\Release\vc100.pdb”缺少引用模块的调试信息；正在链接对象，如同没有调试信息一样
fltk.lib(fl_labeltype.obj) : warning LNK4204: “C:\Users\faye\Desktop\A3\Release\vc100.pdb”缺少引用模块的调试信息；正在链接对象，如同没有调试信息一样
fltk.lib(fl_line_style.obj) : warning LNK4204: “C:\Users\faye\Desktop\A3\Release\vc100.pdb”缺少引用模块的调试信息；正在链接对象，如同没有调试信息一样
fltk.lib(Fl_lock.obj) : warning LNK4204: “C:\Users\faye\Desktop\A3\Release\vc100.pdb”缺少引用模块的调试信息；正在链接对象，如同没有调试信息一样
fltk.lib(Fl_Menu_Window.obj) : warning LNK4204: “C:\Users\faye\Desktop\A3\Release\vc100.pdb”缺少引用模块的调试信息；正在链接对象，如同没有调试信息一样
fltk.lib(Fl_Native_File_Chooser.obj) : warning LNK4204: “C:\Users\faye\Desktop\A3\Release\vc100.pdb”缺少引用模块的调试信息；正在链接对象，如同没有调试信息一样
fltk.lib(Fl_Paged_Device.obj) : warning LNK4204: “C:\Users\faye\Desktop\A3\Release\vc100.pdb”缺少引用模块的调试信息；正在链接对象，如同没有调试信息一样
fltk.lib(Fl_Pixmap.obj) : warning LNK4204: “C:\Users\faye\Desktop\A3\Release\vc100.pdb”缺少引用模块的调试信息；正在链接对象，如同没有调试信息一样
fltk.lib(fl_plastic.obj) : warning LNK4204: “C:\Users\faye\Desktop\A3\Release\vc100.pdb”缺少引用模块的调试信息；正在链接对象，如同没有调试信息一样
fltk.lib(Fl_Preferences.obj) : warning LNK4204: “C:\Users\faye\Desktop\A3\Release\vc100.pdb”缺少引用模块的调试信息；正在链接对象，如同没有调试信息一样
fltk.lib(Fl_Printer.obj) : warning LNK4204: “C:\Users\faye\Desktop\A3\Release\vc100.pdb”缺少引用模块的调试信息；正在链接对象，如同没有调试信息一样
fltk.lib(fl_read_image.obj) : warning LNK4204: “C:\Users\faye\Desktop\A3\Release\vc100.pdb”缺少引用模块的调试信息；正在链接对象，如同没有调试信息一样
fltk.lib(fl_rect.obj) : warning LNK4204: “C:\Users\faye\Desktop\A3\Release\vc100.pdb”缺少引用模块的调试信息；正在链接对象，如同没有调试信息一样
fltk.lib(Fl_Return_Button.obj) : warning LNK4204: “C:\Users\faye\Desktop\A3\Release\vc100.pdb”缺少引用模块的调试信息；正在链接对象，如同没有调试信息一样
fltk.lib(fl_round_box.obj) : warning LNK4204: “C:\Users\faye\Desktop\A3\Release\vc100.pdb”缺少引用模块的调试信息；正在链接对象，如同没有调试信息一样
fltk.lib(fl_shortcut.obj) : warning LNK4204: “C:\Users\faye\Desktop\A3\Release\vc100.pdb”缺少引用模块的调试信息；正在链接对象，如同没有调试信息一样
fltk.lib(Fl_Single_Window.obj) : warning LNK4204: “C:\Users\faye\Desktop\A3\Release\vc100.pdb”缺少引用模块的调试信息；正在链接对象，如同没有调试信息一样
fltk.lib(fl_symbols.obj) : warning LNK4204: “C:\Users\faye\Desktop\A3\Release\vc100.pdb”缺少引用模块的调试信息；正在链接对象，如同没有调试信息一样
fltk.lib(Fl_Tiled_Image.obj) : warning LNK4204: “C:\Users\faye\Desktop\A3\Release\vc100.pdb”缺少引用模块的调试信息；正在链接对象，如同没有调试信息一样
fltk.lib(Fl_Tooltip.obj) : warning LNK4204: “C:\Users\faye\Desktop\A3\Release\vc100.pdb”缺少引用模块的调试信息；正在链接对象，如同没有调试信息一样
fltk.lib(fl_utf.obj) : warning LNK4204: “C:\Users\faye\Desktop\A3\Release\vc100.pdb”缺少引用模块的调试信息；正在链接对象，如同没有调试信息一样
fltk.lib(fl_utf8.obj) : warning LNK4204: “C:\Users\faye\Desktop\A3\Release\vc100.pdb”缺少引用模块的调试信息；正在链接对象，如同没有调试信息一样
fltk.lib(fl_vertex.obj) : warning LNK4204: “C:\Users\faye\Desktop\A3\Release\vc100.pdb”缺少引用模块的调试信息；正在链接对象，如同没有调试信息一样
fltk.lib(Fl_Widget.obj) : warning LNK4204: “C:\Users\faye\Desktop\A3\Release\vc100.pdb”缺少引用模块的调试信息；正在链接对象，如同没有调试信息一样
fltk.lib(Fl_Window.obj) : warning LNK4204: “C:\Users\faye\Desktop\A3\Release\vc100.pdb”缺少引用模块的调试信息；正在链接对象，如同没有调试信息一样
fltk.lib(Fl_Window_hotspot.obj) : warning LNK4204: “C:\Users\faye\Desktop\A3\Release\vc100.pdb”缺少引用模块的调试信息；正在链接对象，如同没有调试信息一样
fltk.lib(flstring.obj) : warning LNK4204: “C:\Users\faye\Desktop\A3\Release\vc100.pdb”缺少引用模块的调试信息；正在链接对象，如同没有调试信息一样
fltk.lib(is_spacing.obj) : warning LNK4204: “C:\Users\faye\Desktop\A3\Release\vc100.pdb”缺少引用模块的调试信息；正在链接对象，如同没有调试信息一样
fltk.lib(numericsort.obj) : warning LNK4204: “C:\Users\faye\Desktop\A3\Release\vc100.pdb”缺少引用模块的调试信息；正在链接对象，如同没有调试信息一样
fltk.lib(ps_image.obj) : warning LNK4204: “C:\Users\faye\Desktop\A3\Release\vc100.pdb”缺少引用模块的调试信息；正在链接对象，如同没有调试信息一样
fltk.lib(scandir.obj) : warning LNK4204: “C:\Users\faye\Desktop\A3\Release\vc100.pdb”缺少引用模块的调试信息；正在链接对象，如同没有调试信息一样
fltk.lib(screen_xywh.obj) : warning LNK4204: “C:\Users\faye\Desktop\A3\Release\vc100.pdb”缺少引用模块的调试信息；正在链接对象，如同没有调试信息一样
fltk.lib(vsnprintf.obj) : warning LNK4204: “C:\Users\faye\Desktop\A3\Release\vc100.pdb”缺少引用模块的调试信息；正在链接对象，如同没有调试信息一样
fltkgl.lib(Fl_Gl_Choice.obj) : warning LNK4204: “C:\Users\faye\Desktop\A3\Release\vc100.pdb”缺少引用模块的调试信息；正在链接对象，如同没有调试信息一样
fltkgl.lib(Fl_Gl_Device_Plugin.obj) : warning LNK4204: “C:\Users\faye\Desktop\A3\Release\vc100.pdb”缺少引用模块的调试信息；正在链接对象，如同没有调试信息一样
fltkgl.lib(Fl_Gl_Window.obj) : warning LNK4204: “C:\Users\faye\Desktop\A3\Release\vc100.pdb”缺少引用模块的调试信息；正在链接对象，如同没有调试信息一样
fltkgl.lib(gl_draw.obj) : warning LNK4204: “C:\Users\faye\Desktop\A3\Release\vc100.pdb”缺少引用模块的调试信息；正在链接对象，如同没有调试信息一样
  code.vcxproj -> C:\Users\faye\Desktop\A3\Release\code.exe
Manifest:
  c:\Program Files\Microsoft SDKs\Windows\v7.0A\bin\mt.exe /nologo /verbose /outputresource:"C:\Users\faye\Desktop\A3\Release\code.exe;#1" /manifest Release\code.exe.intermediate.manifest
FinalizeBuildStatus:
  正在删除文件“Release\code.unsuccessfulbuild”。
  正在对“Release\code.lastbuildstate”执行 Touch 任务。
已完成生成项目“C:\Users\faye\Desktop\A3\code.vcxproj”(build 个目标)的操作。

生成成功。

已用时间 00:00:04.64
