C:\USERS\FAYE\DESKTOP\A5\RELEASE\AABB.OBJ
C:\Users\faye\Desktop\A5\Release\cl.command.1.tlog
C:\Users\faye\Desktop\A5\Release\CL.read.1.tlog
C:\Users\faye\Desktop\A5\Release\CL.write.1.tlog
C:\USERS\FAYE\DESKTOP\A5\RELEASE\CODE.EXE
C:\USERS\FAYE\DESKTOP\A5\RELEASE\CODE.EXE.INTERMEDIATE.MANIFEST
C:\USERS\FAYE\DESKTOP\A5\RELEASE\CODE.PDB
C:\USERS\FAYE\DESKTOP\A5\RELEASE\CUBEMAP.OBJ
C:\USERS\FAYE\DESKTOP\A5\RELEASE\FRAMEBUFFER.OBJ
C:\USERS\FAYE\DESKTOP\A5\RELEASE\GUI.OBJ
C:\Users\faye\Desktop\A5\Release\link.command.1.tlog
C:\Users\faye\Desktop\A5\Release\link.read.1.tlog
C:\Users\faye\Desktop\A5\Release\link.write.1.tlog
C:\USERS\FAYE\DESKTOP\A5\RELEASE\M33.OBJ
C:\Users\faye\Desktop\A5\Release\mt.command.1.tlog
C:\Users\faye\Desktop\A5\Release\mt.read.1.tlog
C:\Users\faye\Desktop\A5\Release\mt.write.1.tlog
C:\USERS\FAYE\DESKTOP\A5\RELEASE\PPC.OBJ
C:\USERS\FAYE\DESKTOP\A5\RELEASE\SCENE.OBJ
C:\USERS\FAYE\DESKTOP\A5\RELEASE\TMESH.OBJ
C:\USERS\FAYE\DESKTOP\A5\RELEASE\V3.OBJ
C:\USERS\FAYE\DESKTOP\A5\RELEASE\VC100.PDB
