C:\POPESCU\434\CODE\DEBUG\CGINTERFACE.OBJ
C:\POPESCU\434\CODE\DEBUG\CODE.EXE
C:\POPESCU\434\CODE\DEBUG\CODE.EXE.EMBED.MANIFEST
C:\POPESCU\434\CODE\DEBUG\CODE.EXE.EMBED.MANIFEST.RES
C:\POPESCU\434\CODE\DEBUG\CODE.EXE.INTERMEDIATE.MANIFEST
C:\POPESCU\434\CODE\DEBUG\CODE.ILK
C:\POPESCU\434\CODE\DEBUG\CODE.PDB
C:\POPESCU\434\CODE\DEBUG\FRAMEBUFFER.OBJ
C:\POPESCU\434\CODE\DEBUG\GUI.OBJ
C:\POPESCU\434\CODE\DEBUG\M33.OBJ
C:\POPESCU\434\CODE\DEBUG\PPC.OBJ
C:\POPESCU\434\CODE\DEBUG\SCENE.OBJ
C:\POPESCU\434\CODE\DEBUG\TMESH.OBJ
C:\POPESCU\434\CODE\DEBUG\V3.OBJ
C:\POPESCU\434\CODE\DEBUG\VC100.PDB
C:\POPESCU\535\CODE\DEBUG\CGINTERFACE.OBJ
C:\popescu\535\code\Debug\cl.command.1.tlog
C:\popescu\535\code\Debug\CL.read.1.tlog
C:\popescu\535\code\Debug\CL.write.1.tlog
C:\POPESCU\535\CODE\DEBUG\CODE.EXE
C:\POPESCU\535\CODE\DEBUG\CODE.EXE.EMBED.MANIFEST
C:\POPESCU\535\CODE\DEBUG\CODE.EXE.EMBED.MANIFEST.RES
C:\POPESCU\535\CODE\DEBUG\CODE.EXE.INTERMEDIATE.MANIFEST
C:\POPESCU\535\CODE\DEBUG\CODE.ILK
C:\POPESCU\535\CODE\DEBUG\CODE.PDB
C:\popescu\535\code\Debug\code.write.1.tlog
C:\popescu\535\code\Debug\code_manifest.rc
C:\POPESCU\535\CODE\DEBUG\FRAMEBUFFER.OBJ
C:\POPESCU\535\CODE\DEBUG\GUI.OBJ
C:\popescu\535\code\Debug\link.1200.read.1.tlog
C:\popescu\535\code\Debug\link.1200.write.1.tlog
C:\popescu\535\code\Debug\link.1200-cvtres.read.1.tlog
C:\popescu\535\code\Debug\link.1200-cvtres.write.1.tlog
C:\popescu\535\code\Debug\link.1380.read.1.tlog
C:\popescu\535\code\Debug\link.1380.write.1.tlog
C:\popescu\535\code\Debug\link.1380-cvtres.read.1.tlog
C:\popescu\535\code\Debug\link.1380-cvtres.write.1.tlog
C:\popescu\535\code\Debug\link.1668.read.1.tlog
C:\popescu\535\code\Debug\link.1668.write.1.tlog
C:\popescu\535\code\Debug\link.1668-cvtres.read.1.tlog
C:\popescu\535\code\Debug\link.1668-cvtres.write.1.tlog
C:\popescu\535\code\Debug\link.1892.read.1.tlog
C:\popescu\535\code\Debug\link.1892.write.1.tlog
C:\popescu\535\code\Debug\link.1892-cvtres.read.1.tlog
C:\popescu\535\code\Debug\link.1892-cvtres.write.1.tlog
C:\popescu\535\code\Debug\link.2136.read.1.tlog
C:\popescu\535\code\Debug\link.2136.write.1.tlog
C:\popescu\535\code\Debug\link.2136-cvtres.read.1.tlog
C:\popescu\535\code\Debug\link.2136-cvtres.write.1.tlog
C:\popescu\535\code\Debug\link.2244.read.1.tlog
C:\popescu\535\code\Debug\link.2244.write.1.tlog
C:\popescu\535\code\Debug\link.2244-cvtres.read.1.tlog
C:\popescu\535\code\Debug\link.2244-cvtres.write.1.tlog
C:\popescu\535\code\Debug\link.2344.read.1.tlog
C:\popescu\535\code\Debug\link.2344.write.1.tlog
C:\popescu\535\code\Debug\link.2344-cvtres.read.1.tlog
C:\popescu\535\code\Debug\link.2344-cvtres.write.1.tlog
C:\popescu\535\code\Debug\link.2348.read.1.tlog
C:\popescu\535\code\Debug\link.2348.write.1.tlog
C:\popescu\535\code\Debug\link.2348-cvtres.read.1.tlog
C:\popescu\535\code\Debug\link.2348-cvtres.write.1.tlog
C:\popescu\535\code\Debug\link.2436.read.1.tlog
C:\popescu\535\code\Debug\link.2436.write.1.tlog
C:\popescu\535\code\Debug\link.2436-cvtres.read.1.tlog
C:\popescu\535\code\Debug\link.2436-cvtres.write.1.tlog
C:\popescu\535\code\Debug\link.2504.read.1.tlog
C:\popescu\535\code\Debug\link.2504.write.1.tlog
C:\popescu\535\code\Debug\link.2504-cvtres.read.1.tlog
C:\popescu\535\code\Debug\link.2504-cvtres.write.1.tlog
C:\popescu\535\code\Debug\link.2512.read.1.tlog
C:\popescu\535\code\Debug\link.2512.write.1.tlog
C:\popescu\535\code\Debug\link.2512-cvtres.read.1.tlog
C:\popescu\535\code\Debug\link.2512-cvtres.write.1.tlog
C:\popescu\535\code\Debug\link.2584.read.1.tlog
C:\popescu\535\code\Debug\link.2584.write.1.tlog
C:\popescu\535\code\Debug\link.2584-cvtres.read.1.tlog
C:\popescu\535\code\Debug\link.2584-cvtres.write.1.tlog
C:\popescu\535\code\Debug\link.2796.read.1.tlog
C:\popescu\535\code\Debug\link.2796.write.1.tlog
C:\popescu\535\code\Debug\link.2796-cvtres.read.1.tlog
C:\popescu\535\code\Debug\link.2796-cvtres.write.1.tlog
C:\popescu\535\code\Debug\link.2932.read.1.tlog
C:\popescu\535\code\Debug\link.2932.write.1.tlog
C:\popescu\535\code\Debug\link.2932-cvtres.read.1.tlog
C:\popescu\535\code\Debug\link.2932-cvtres.write.1.tlog
C:\popescu\535\code\Debug\link.2976.read.1.tlog
C:\popescu\535\code\Debug\link.2976.write.1.tlog
C:\popescu\535\code\Debug\link.2976-cvtres.read.1.tlog
C:\popescu\535\code\Debug\link.2976-cvtres.write.1.tlog
C:\popescu\535\code\Debug\link.3020.read.1.tlog
C:\popescu\535\code\Debug\link.3020.write.1.tlog
C:\popescu\535\code\Debug\link.3020-cvtres.read.1.tlog
C:\popescu\535\code\Debug\link.3020-cvtres.write.1.tlog
C:\popescu\535\code\Debug\link.3032.read.1.tlog
C:\popescu\535\code\Debug\link.3032.write.1.tlog
C:\popescu\535\code\Debug\link.3032-cvtres.read.1.tlog
C:\popescu\535\code\Debug\link.3032-cvtres.write.1.tlog
C:\popescu\535\code\Debug\link.3100.read.1.tlog
C:\popescu\535\code\Debug\link.3100.write.1.tlog
C:\popescu\535\code\Debug\link.3100-cvtres.read.1.tlog
C:\popescu\535\code\Debug\link.3100-cvtres.write.1.tlog
C:\popescu\535\code\Debug\link.3468.read.1.tlog
C:\popescu\535\code\Debug\link.3468.write.1.tlog
C:\popescu\535\code\Debug\link.3468-cvtres.read.1.tlog
C:\popescu\535\code\Debug\link.3468-cvtres.write.1.tlog
C:\popescu\535\code\Debug\link.3560.read.1.tlog
C:\popescu\535\code\Debug\link.3560.write.1.tlog
C:\popescu\535\code\Debug\link.3560-cvtres.read.1.tlog
C:\popescu\535\code\Debug\link.3560-cvtres.write.1.tlog
C:\popescu\535\code\Debug\link.3620.read.1.tlog
C:\popescu\535\code\Debug\link.3620.write.1.tlog
C:\popescu\535\code\Debug\link.3620-cvtres.read.1.tlog
C:\popescu\535\code\Debug\link.3620-cvtres.write.1.tlog
C:\popescu\535\code\Debug\link.3628.read.1.tlog
C:\popescu\535\code\Debug\link.3628.write.1.tlog
C:\popescu\535\code\Debug\link.3628-cvtres.read.1.tlog
C:\popescu\535\code\Debug\link.3628-cvtres.write.1.tlog
C:\popescu\535\code\Debug\link.3644.read.1.tlog
C:\popescu\535\code\Debug\link.3644.write.1.tlog
C:\popescu\535\code\Debug\link.3644-cvtres.read.1.tlog
C:\popescu\535\code\Debug\link.3644-cvtres.write.1.tlog
C:\popescu\535\code\Debug\link.3872.read.1.tlog
C:\popescu\535\code\Debug\link.3872.write.1.tlog
C:\popescu\535\code\Debug\link.3872-cvtres.read.1.tlog
C:\popescu\535\code\Debug\link.3872-cvtres.write.1.tlog
C:\popescu\535\code\Debug\link.3956.read.1.tlog
C:\popescu\535\code\Debug\link.3956.write.1.tlog
C:\popescu\535\code\Debug\link.3956-cvtres.read.1.tlog
C:\popescu\535\code\Debug\link.3956-cvtres.write.1.tlog
C:\popescu\535\code\Debug\link.3960.read.1.tlog
C:\popescu\535\code\Debug\link.3960.write.1.tlog
C:\popescu\535\code\Debug\link.3960-cvtres.read.1.tlog
C:\popescu\535\code\Debug\link.3960-cvtres.write.1.tlog
C:\popescu\535\code\Debug\link.4060.read.1.tlog
C:\popescu\535\code\Debug\link.4060.write.1.tlog
C:\popescu\535\code\Debug\link.4060-cvtres.read.1.tlog
C:\popescu\535\code\Debug\link.4060-cvtres.write.1.tlog
C:\popescu\535\code\Debug\link.996.read.1.tlog
C:\popescu\535\code\Debug\link.996.write.1.tlog
C:\popescu\535\code\Debug\link.996-cvtres.read.1.tlog
C:\popescu\535\code\Debug\link.996-cvtres.write.1.tlog
C:\popescu\535\code\Debug\link.command.1.tlog
C:\popescu\535\code\Debug\link.read.1.tlog
C:\popescu\535\code\Debug\link.write.1.tlog
C:\popescu\535\code\Debug\link-cvtres.read.1.tlog
C:\popescu\535\code\Debug\link-cvtres.write.1.tlog
C:\POPESCU\535\CODE\DEBUG\M33.OBJ
C:\popescu\535\code\Debug\mt.command.1.tlog
C:\popescu\535\code\Debug\mt.read.1.tlog
C:\popescu\535\code\Debug\mt.write.1.tlog
C:\POPESCU\535\CODE\DEBUG\PPC.OBJ
C:\popescu\535\code\Debug\rc.command.1.tlog
C:\popescu\535\code\Debug\rc.read.1.tlog
C:\popescu\535\code\Debug\rc.write.1.tlog
C:\POPESCU\535\CODE\DEBUG\SCENE.OBJ
C:\POPESCU\535\CODE\DEBUG\TMESH.OBJ
C:\POPESCU\535\CODE\DEBUG\V3.OBJ
C:\popescu\535\code\Debug\vc100.idb
C:\POPESCU\535\CODE\DEBUG\VC100.PDB
