C:\USERS\FAYE\DESKTOP\CODE_INITIAL\RELEASE\AABB.OBJ
C:\USERS\FAYE\DESKTOP\CODE_INITIAL\RELEASE\CGINTERFACE.OBJ
C:\Users\faye\Desktop\code_initial\Release\cl.command.1.tlog
C:\Users\faye\Desktop\code_initial\Release\CL.read.1.tlog
C:\Users\faye\Desktop\code_initial\Release\CL.write.1.tlog
C:\USERS\FAYE\DESKTOP\CODE_INITIAL\RELEASE\CODE.EXE
C:\USERS\FAYE\DESKTOP\CODE_INITIAL\RELEASE\CODE.EXE.INTERMEDIATE.MANIFEST
C:\USERS\FAYE\DESKTOP\CODE_INITIAL\RELEASE\CODE.PDB
C:\USERS\FAYE\DESKTOP\CODE_INITIAL\RELEASE\FRAMEBUFFER.OBJ
C:\USERS\FAYE\DESKTOP\CODE_INITIAL\RELEASE\GUI.OBJ
C:\Users\faye\Desktop\code_initial\Release\link.command.1.tlog
C:\Users\faye\Desktop\code_initial\Release\link.read.1.tlog
C:\Users\faye\Desktop\code_initial\Release\link.write.1.tlog
C:\USERS\FAYE\DESKTOP\CODE_INITIAL\RELEASE\M33.OBJ
C:\Users\faye\Desktop\code_initial\Release\mt.command.1.tlog
C:\Users\faye\Desktop\code_initial\Release\mt.read.1.tlog
C:\Users\faye\Desktop\code_initial\Release\mt.write.1.tlog
C:\USERS\FAYE\DESKTOP\CODE_INITIAL\RELEASE\PPC.OBJ
C:\USERS\FAYE\DESKTOP\CODE_INITIAL\RELEASE\SCENE.OBJ
C:\USERS\FAYE\DESKTOP\CODE_INITIAL\RELEASE\TMESH.OBJ
C:\USERS\FAYE\DESKTOP\CODE_INITIAL\RELEASE\V3.OBJ
C:\USERS\FAYE\DESKTOP\CODE_INITIAL\RELEASE\VC100.PDB
