生成启动时间为 10/7/2015 2:28:11 PM。
项目“C:\Users\faye\Desktop\A2\code.vcxproj”在节点 2 上(build 个目标)。
InitializeBuildStatus:
  正在对“Debug\code.unsuccessfulbuild”执行 Touch 任务。
ClCompile:
  c:\Program Files\Microsoft Visual Studio 10.0\VC\bin\CL.exe /c /ZI /nologo /W3 /WX- /Od /Oy- /D WIN32 /D _DEBUG /D _CONSOLE /D _UNICODE /D UNICODE /Gm /EHsc /RTC1 /MDd /GS /fp:precise /Zc:wchar_t /Zc:forScope /Fo"Debug\\" /Fd"Debug\vc100.pdb" /Gd /TP /analyze- /errorReport:prompt TMesh.cpp
  TMesh.cpp
ManifestResourceCompile:
  所有输出均为最新。
Link:
  c:\Program Files\Microsoft Visual Studio 10.0\VC\bin\link.exe /ERRORREPORT:PROMPT /OUT:"C:\Users\faye\Desktop\A2\Debug\code.exe" /INCREMENTAL /NOLOGO cg.lib cgGL.lib libtiff.lib fltk.lib fltkgl.lib opengl32.lib glu32.lib wsock32.lib comctl32.lib kernel32.lib user32.lib gdi32.lib winspool.lib comdlg32.lib advapi32.lib shell32.lib ole32.lib oleaut32.lib uuid.lib odbc32.lib odbccp32.lib /MANIFEST /ManifestFile:"Debug\code.exe.intermediate.manifest" /MANIFESTUAC:"level='asInvoker' uiAccess='false'" /DEBUG /PDB:"C:\Users\faye\Desktop\A2\Debug\code.pdb" /SUBSYSTEM:CONSOLE /TLBID:1 /DYNAMICBASE /NXCOMPAT /IMPLIB:"C:\Users\faye\Desktop\A2\Debug\code.lib" /MACHINE:X86 Debug\code.exe.embed.manifest.res
  Debug\aabb.obj
  Debug\framebuffer.obj
  Debug\gui.obj
  Debug\m33.obj
  Debug\ppc.obj
  Debug\scene.obj
  Debug\TMesh.obj
  Debug\v3.obj
Manifest:
  c:\Program Files\Microsoft SDKs\Windows\v7.0A\bin\mt.exe /nologo /verbose /out:"Debug\code.exe.embed.manifest" /manifest Debug\code.exe.intermediate.manifest
  所有输出均为最新。
LinkEmbedManifest:
  所有输出均为最新。
  code.vcxproj -> C:\Users\faye\Desktop\A2\Debug\code.exe
FinalizeBuildStatus:
  正在删除文件“Debug\code.unsuccessfulbuild”。
  正在对“Debug\code.lastbuildstate”执行 Touch 任务。
已完成生成项目“C:\Users\faye\Desktop\A2\code.vcxproj”(build 个目标)的操作。

生成成功。

已用时间 00:00:02.05
