C:\POPESCU\535\CODE\DEBUG\CODE.EXE
C:\POPESCU\535\CODE\DEBUG\CODE.EXE.EMBED.MANIFEST
C:\POPESCU\535\CODE\DEBUG\CODE.EXE.EMBED.MANIFEST.RES
C:\POPESCU\535\CODE\DEBUG\CODE.EXE.INTERMEDIATE.MANIFEST
C:\POPESCU\535\CODE\DEBUG\CODE.ILK
C:\POPESCU\535\CODE\DEBUG\CODE.PDB
C:\POPESCU\535\CODE\DEBUG\FRAMEBUFFER.OBJ
C:\POPESCU\535\CODE\DEBUG\GUI.OBJ
C:\POPESCU\535\CODE\DEBUG\SCENE.OBJ
C:\POPESCU\535\CODE\DEBUG\VC100.PDB
C:\USERS\FAYE\DESKTOP\A2\DEBUG\AABB.OBJ
C:\Users\faye\Desktop\A2\Debug\cl.command.1.tlog
C:\Users\faye\Desktop\A2\Debug\CL.read.1.tlog
C:\Users\faye\Desktop\A2\Debug\CL.write.1.tlog
C:\Users\faye\Desktop\A2\Debug\code.exe.embed.manifest
C:\USERS\FAYE\DESKTOP\A2\DEBUG\CODE.EXE.EMBED.MANIFEST.RES
C:\Users\faye\Desktop\A2\Debug\code.exe.intermediate.manifest
C:\Users\faye\Desktop\A2\Debug\code.ilk
C:\Users\faye\Desktop\A2\Debug\code.pdb
C:\Users\faye\Desktop\A2\Debug\code.write.1.tlog
C:\Users\faye\Desktop\A2\Debug\code_manifest.rc
C:\USERS\FAYE\DESKTOP\A2\DEBUG\FRAMEBUFFER.OBJ
C:\USERS\FAYE\DESKTOP\A2\DEBUG\GUI.OBJ
C:\Users\faye\Desktop\A2\Debug\link.1748.read.1.tlog
C:\Users\faye\Desktop\A2\Debug\link.1748.write.1.tlog
C:\Users\faye\Desktop\A2\Debug\link.1748-cvtres.read.1.tlog
C:\Users\faye\Desktop\A2\Debug\link.1748-cvtres.write.1.tlog
C:\Users\faye\Desktop\A2\Debug\link.212.read.1.tlog
C:\Users\faye\Desktop\A2\Debug\link.212.write.1.tlog
C:\Users\faye\Desktop\A2\Debug\link.command.1.tlog
C:\Users\faye\Desktop\A2\Debug\link.read.1.tlog
C:\Users\faye\Desktop\A2\Debug\link.write.1.tlog
C:\Users\faye\Desktop\A2\Debug\link-cvtres.read.1.tlog
C:\Users\faye\Desktop\A2\Debug\link-cvtres.write.1.tlog
C:\USERS\FAYE\DESKTOP\A2\DEBUG\M33.OBJ
C:\Users\faye\Desktop\A2\Debug\mt.command.1.tlog
C:\Users\faye\Desktop\A2\Debug\mt.read.1.tlog
C:\Users\faye\Desktop\A2\Debug\mt.write.1.tlog
C:\USERS\FAYE\DESKTOP\A2\DEBUG\PPC.OBJ
C:\Users\faye\Desktop\A2\Debug\rc.command.1.tlog
C:\Users\faye\Desktop\A2\Debug\rc.read.1.tlog
C:\Users\faye\Desktop\A2\Debug\rc.write.1.tlog
C:\USERS\FAYE\DESKTOP\A2\DEBUG\SCENE.OBJ
C:\USERS\FAYE\DESKTOP\A2\DEBUG\TMESH.OBJ
C:\USERS\FAYE\DESKTOP\A2\DEBUG\V3.OBJ
C:\Users\faye\Desktop\A2\Debug\vc100.idb
C:\USERS\FAYE\DESKTOP\A2\DEBUG\VC100.PDB
